[INFO ] 2019-12-15 11:53:06.151 [main] Utils - Read /Users/mshirodkar/Desktop/Git/Amazon_Demo_Test/test_data/configuration.properties successfully
[INFO ] 2019-12-15 11:53:06.698 [main] Report - Extent Reports Initialised!!
[INFO ] 2019-12-15 11:53:06.747 [main] Config - Setting Android Desired Capabilities
[INFO ] 2019-12-15 11:53:06.878 [main] Utils - Extracted Android version via bash command
[INFO ] 2019-12-15 11:53:34.641 [main] Config - Driver Initialised!!
[INFO ] 2019-12-15 11:53:37.118 [main] LoginPage - User click on Already Customer button
[INFO ] 2019-12-15 11:53:41.718 [main] LoginPage - User enters email address
[INFO ] 2019-12-15 11:53:42.469 [main] LoginPage - User click on Continue button
[INFO ] 2019-12-15 11:53:45.137 [main] LoginPage - User enters password
[INFO ] 2019-12-15 11:53:45.834 [main] LoginPage - User click on Sign-in button
[DEBUG] 2019-12-15 11:54:01.542 [main] LoginPage - 
Error while waiting for visibility of element- 
Expected condition failed: waiting for visibility of element located by By.xpath: //*[@content-desc='Cart'] (tried for 10 second(s) with 500 milliseconds interval)

[INFO ] 2019-12-15 11:54:19.036 [main] LoginPage - User click on Already Customer button
[INFO ] 2019-12-15 11:54:23.185 [main] LoginPage - User enters email address
[INFO ] 2019-12-15 11:54:23.869 [main] LoginPage - User click on Continue button
[INFO ] 2019-12-15 11:54:26.328 [main] LoginPage - User enters password
[INFO ] 2019-12-15 11:54:27.077 [main] LoginPage - User click on Sign-in button
[INFO ] 2019-12-15 11:54:42.723 [main] HomePage - User clicks on language radio button
[INFO ] 2019-12-15 11:54:43.970 [main] HomePage - User clicks on save language preference button
[INFO ] 2019-12-15 11:54:47.992 [main] SearchPage - User clicks on search text box
[INFO ] 2019-12-15 11:54:50.415 [main] SearchPage - User enters text in search text box
[INFO ] 2019-12-15 11:54:54.594 [main] SearchPage - User selects an option from the search
[INFO ] 2019-12-15 11:54:55.546 [main] SearchPage - User selects an item from list of products
[DEBUG] 2019-12-15 11:55:22.158 [main] LoginPage - 
Error while scrolling to element- An element could not be located on the page using the given search parameters.
For documentation on this error, please visit: https://www.seleniumhq.org/exceptions/no_such_element.html
Build info: version: '3.141.59', revision: 'e82be7d358', time: '2018-11-14T08:17:03'
System info: host: 'MShirodkar-01-MBP', ip: 'fe80:0:0:0:400:4445:4610:6350%en0', os.name: 'Mac OS X', os.arch: 'x86_64', os.version: '10.14.6', java.version: '1.8.0_191'
Driver info: io.appium.java_client.android.AndroidDriver
Capabilities {app: /Users/mshirodkar/Desktop/G..., appActivity: com.amazon.mShop.home.HomeA..., appPackage: com.amazon.mShop.android.sh..., autoAcceptAlerts: true, autoGrantPermissions: true, automationName: uiautomator2, databaseEnabled: false, desired: {app: /Users/mshirodkar/Desktop/G..., appActivity: com.amazon.mShop.home.HomeA..., appPackage: com.amazon.mShop.android.sh..., autoAcceptAlerts: true, autoGrantPermissions: true, automationName: uiautomator2, deviceName: Moto G4, dontStopAppOnReset: true, newCommandTimeout: 1000, platformName: android, platformVersion: 7.0}, deviceApiLevel: 24, deviceManufacturer: motorola, deviceModel: Moto G (4), deviceName: ZY223DDFLZ, deviceScreenDensity: 480, deviceScreenSize: 1080x1920, deviceUDID: ZY223DDFLZ, dontStopAppOnReset: true, javascriptEnabled: true, locationContextEnabled: false, networkConnectionEnabled: true, newCommandTimeout: 1000, pixelRatio: 3, platform: LINUX, platformName: Android, platformVersion: 7.0, statBarHeight: 72, takesScreenshot: true, viewportRect: {height: 1704, left: 0, top: 72, width: 1080}, warnings: {}, webStorageEnabled: false}
Session ID: 2e24a3c7-b448-4b68-9243-b4f38d68959e
*** Element info: {Using=-android uiautomator, value=new UiScrollable(new UiSelector()).scrollIntoView(new UiSelector().textContains("Add to Cart").instance(0));}

[INFO ] 2019-12-15 11:55:35.864 [main] ProductPage - User clicks on add to cart button
[INFO ] 2019-12-15 11:55:50.308 [main] ProductPage - User clicks on view cart button
[INFO ] 2019-12-15 11:56:11.929 [main] ProductPage - Cart details verified!!
[INFO ] 2019-12-15 11:56:20.622 [main] ProductPage - User clicks on proceed to buy button
[INFO ] 2019-12-15 11:56:32.080 [main] PurchasePage - User clicks on use this address button
[INFO ] 2019-12-15 11:56:38.257 [main] PurchasePage - User clicks on continue button
[INFO ] 2019-12-15 11:56:40.048 [main] PurchasePage - User clicks on prefered time button
[INFO ] 2019-12-15 11:56:43.890 [main] PurchasePage - User clicks on continue button
[INFO ] 2019-12-15 11:56:46.036 [main] PurchasePage - User clicks on payment option button
[INFO ] 2019-12-15 11:56:47.228 [main] PurchasePage - User clicks on bank option button
[INFO ] 2019-12-15 11:56:50.399 [main] PurchasePage - User clicks on netbanking option button
[INFO ] 2019-12-15 11:56:52.186 [main] PurchasePage - User clicks on continue button
[INFO ] 2019-12-15 11:56:52.186 [main] PurchasePage - User proceeds after updating payment option
[DEBUG] 2019-12-15 11:57:02.628 [main] LoginPage - 
Error while waiting for visibility of element- 
Expected condition failed: waiting for visibility of element located by By.xpath: //*[@text='Place Your Order and Pay'] (tried for 10 second(s) with 500 milliseconds interval)

[INFO ] 2019-12-15 11:57:04.313 [main] HomePage - User clicks on home button
[INFO ] 2019-12-15 11:57:07.925 [main] ProductPage - User clicks on view cart button
[INFO ] 2019-12-15 11:57:16.804 [main] HomePage - User clicks on delete products
[INFO ] 2019-12-15 11:57:27.359 [main] Config - WebDriver Session Quit!!
